<?xml version="1.0" encoding="UTF-8"?>
<!-- Generated by org.testng.reporters.JUnitXMLReporter -->
<testsuite hostname="BLR2DEVLP0932" ignored="2" name="Test" tests="4" failures="0" timestamp="23 Jul 2017 09:42:33 GMT" time="92.943" errors="0">
  <testcase name="invalidLoginScenario" time="15.575" classname="com.testScriptSample.Login"/>
  <testcase name="validLoginScenario" time="6.483" classname="com.testScriptSample.Login"/>
  <testcase name="invalidSearchScenario" time="10.955" classname="com.testScriptSample.SearchScenario"/>
  <testcase name="validSearchScenario" time="4.586" classname="com.testScriptSample.SearchScenario"/>
  <testcase name="@BeforeSuite intializeSuite" time="0.0" classname="com.genericlibrary.BaseClass">
    <ignored/>
  </testcase> <!-- @BeforeSuite intializeSuite -->
  <testcase name="@AfterSuite endSuite" time="0.0" classname="com.genericlibrary.BaseClass">
    <ignored/>
  </testcase> <!-- @AfterSuite endSuite -->
</testsuite> <!-- Test -->
